2015-06-29 11:49:44.613 HelloWorld[10650:142772] DiskCookieStorage changing policy from 2 to 0, cookie file: file:///Users/MiaoGuangfa/Library/Developer/CoreSimulator/Devices/83555995-5629-49D7-BD2D-DF5B2623BBBC/data/Containers/Data/Application/3EB3FED5-B092-4146-B525-96471C57503D/Library/Cookies/Cookies.binarycookies
2015-06-29 11:49:44.789 HelloWorld[10650:142772] Apache Cordova native platform version 3.8.0 is starting.
2015-06-29 11:49:44.790 HelloWorld[10650:142772] Multi-tasking -> Device: YES, App: YES
2015-06-29 11:49:44.798 HelloWorld[10650:142772] Unlimited access to network resources
2015-06-29 11:49:44.805 HelloWorld[10650:142772] 

Started backup to iCloud! Please be careful.
Your application might be rejected by Apple if you store too much data.
For more information please read "iOS Data Storage Guidelines" at:
https://developer.apple.com/icloud/documentation/data-storage/
To disable web storage backup to iCloud, set the BackupWebStorage preference to "local" in the Cordova config.xml file

2015-06-29 11:49:45.110 HelloWorld[10650:142772] Resetting plugins due to page load.
2015-06-29 11:49:45.179 HelloWorld[10650:142772] Finished load of: file:///Users/MiaoGuangfa/Library/Developer/CoreSimulator/Devices/83555995-5629-49D7-BD2D-DF5B2623BBBC/data/Containers/Bundle/Application/B9EB0A37-99D0-4378-8E66-37E17885D0E8/HelloWorld.app/www/index.html
2015-06-29 11:49:47.920 HelloWorld[10650:142772] -[RongCloudLibPlugin init:]
2015-06-29 11:49:47.922 HelloWorld[10650:142772] cacheDirectory=/Users/MiaoGuangfa/Library/Developer/CoreSimulator/Devices/83555995-5629-49D7-BD2D-DF5B2623BBBC/data/Containers/Data/Application/3EB3FED5-B092-4146-B525-96471C57503D/Library/Caches
2015-06-29 11:49:48.899 HelloWorld[10650:142772] THREAD WARNING: ['RongCloudLibPlugin'] took '979.045898' ms. Plugin should use a background thread.
2015-06-29 11:50:17.057 HelloWorld[10650:143283] Terminating since there is no system app.
[54] CC-Biz:Call InitClient(): localPath:[/Users/MiaoGuangfa/Library/Developer/CoreSimulator/Devices/83555995-5629-49D7-BD2D-DF5B2623BBBC/data/Containers/Data/Application/3EB3FED5-B092-4146-B525-96471C57503D/Library/Caches/RongCloud] deviceId:[deviceToken898989] appid:[appkey888888] appName:[com.example.hello]

[107] CC-Biz:upadate database latestVersion:1.2000

[511] CC-Biz:Call RegisterMessageType() objName[RC:TxtMsg] operateBits[3d]

[511] CC-Biz:Call RegisterMessageType() objName[RC:ImgMsg] operateBits[3d]

[511] CC-Biz:Call RegisterMessageType() objName[RC:VcMsg] operateBits[3d]

[511] CC-Biz:Call RegisterMessageType() objName[RC:DizNtf] operateBits[1d]

[511] CC-Biz:Call RegisterMessageType() objName[RC:ImgTextMsg] operateBits[3d]

[511] CC-Biz:Call RegisterMessageType() objName[RC:GrpNtf] operateBits[1d]

[511] CC-Biz:Call RegisterMessageType() objName[RC:ContactNtf] operateBits[1d]

[511] CC-Biz:Call RegisterMessageType() objName[RC:ProfileNtf] operateBits[1d]

[511] CC-Biz:Call RegisterMessageType() objName[RC:CmdNtf] operateBits[1d]

[511] CC-Biz:Call RegisterMessageType() objName[RC:InfoNtf] operateBits[1d]

[511] CC-Biz:Call RegisterMessageType() objName[RC:LBSMsg] operateBits[3d]

[511] CC-Biz:Call RegisterMessageType() objName[RC:PSMultiImgTxtMsg] operateBits[3d]

[511] CC-Biz:Call RegisterMessageType() objName[RC:PSImgTxtMsg] operateBits[3d]

